<?xml version="1.0" encoding="UTF-8"?>
<!-- Generated by org.testng.reporters.JUnitReportReporter -->
<testsuite hostname="Harshita" failures="0" tests="1" name="NewProject.NewProject.AppTest" time="0.003" errors="0" timestamp="2024-10-03T12:07:25 IST" skipped="0">
  <testcase classname="NewProject.NewProject.AppTest" name="testApp" time="0.003"/>
  <system-out/>
</testsuite> <!-- NewProject.NewProject.AppTest -->
